
=== Tue Dec  8 23:42:34 2020

Packages were changed.
Update Mode: updateDependencies

The following packages were updated:
  com.unity.mathematics from version 1.1.0 to 1.2.1

=== Tue Mar  9 14:26:48 2021

Packages were changed.
Update Mode: updateDependencies

The following packages were added:
  com.unity.ide.visualstudio@2.0.7
The following packages were updated:
  com.unity.collab-proxy from version 1.2.16 to 1.3.9
  com.unity.ide.rider from version 1.1.4 to 2.0.7
  com.unity.ide.vscode from version 1.2.1 to 1.2.3
  com.unity.test-framework from version 1.1.16 to 1.1.22
  com.unity.textmeshpro from version 2.1.3 to 3.0.1

=== Mon Jun 14 21:18:43 2021

Packages were changed.
Update Mode: updateDependencies

The following packages were updated:
  com.unity.burst from version 1.2.3 to 1.5.4
  com.unity.collab-proxy from version 1.3.9 to 1.5.7
  com.unity.ide.rider from version 2.0.7 to 3.0.6
  com.unity.ide.visualstudio from version 2.0.7 to 2.0.8
  com.unity.test-framework from version 1.1.22 to 1.1.24
  com.unity.textmeshpro from version 3.0.1 to 3.0.6
